Arguments: 
  /usr/local/bin/node /Users/rhauck/.yarn/bin/yarn.js install

PATH: 
  /Users/rhauck/.yarn/bin:/Library/Frameworks/Python.framework/Versions/3.7/bin:/usr/local/bin:/usr/bin:/bin:/usr/sbin:/sbin

Yarn version: 
  1.15.2

Node version: 
  10.14.0

Platform: 
  darwin x64

Trace: 
  SyntaxError: /Users/rhauck/Sites/hii-yo-webapp/package.json: Unexpected token , in JSON at position 78
      at JSON.parse (<anonymous>)
      at /Users/rhauck/.yarn/lib/cli.js:1625:59
      at Generator.next (<anonymous>)
      at step (/Users/rhauck/.yarn/lib/cli.js:304:30)
      at /Users/rhauck/.yarn/lib/cli.js:315:13

npm manifest: 
  {
    "private": true,
    "engines": {
      "node": ">=4"
    },
    "dependencies": {,
      "jquery": "^3.3.1"
    },
    "devDependencies": {
      "@babel/core": "^7.1.2",
      "@babel/preset-env": "^7.1.0",
      "autoprefixer": "^9.4.4",
      "browser-sync": "^2.2.1",
      "cross-env": "^5.2.0",
      "cssnano": "^4.1.7",
      "del": "^3.0.0",
      "gulp": "^4.0.0",
      "gulp-babel": "^8.0.0",
      "gulp-cli": "^2.0.1",
      "gulp-eslint": "^5.0.0",
      "gulp-filter": "^5.1.0",
      "gulp-htmlmin": "^5.0.1",
      "gulp-if": "^2.0.2",
      "gulp-imagemin": "^5.0.3",
      "gulp-load-plugins": "^1.2.4",
      "gulp-plumber": "^1.0.1",
      "gulp-postcss": "^8.0.0",
      "gulp-sass": "^4.0.2",
      "gulp-size": "^3.0.0",
      "gulp-sourcemaps": "^2.2.0",
      "gulp-uglify": "^3.0.1",
      "gulp-useref": "^3.0.0",
      "mocha": "^5.2.0",
      "yargs": "12.0.5"
    },
    "scripts": {
      "serve:test": "cross-env NODE_ENV=test gulp serve",
      "serve:dist": "cross-env NODE_ENV=production gulp serve",
      "start": "gulp serve",
      "build": "cross-env NODE_ENV=production gulp",
      "test": "npm run serve:test",
      "tasks": "gulp --tasks"
    },
    "browserslist": [
      "> 1%",
      "last 2 versions",
      "Firefox ESR"
    ],
    "eslintConfig": {
      "parserOptions": {
        "sourceType": "module"
      },
      "env": {
        "es6": true,
        "node": true,
        "browser": true,
        "jquery": true
      },
      "rules": {
        "quotes": [
          2,
          "single"
        ]
      }
    }
  }

yarn manifest: 
  No manifest

Lockfile: 
  No lockfile
